Removed Pin From Net: NetName=NetC6_2 Pin=C6-2
Removed Pin From Net: NetName=NetC14_2 Pin=C14-2
Change Component Footprint: Designator=C6 Old Footprint=CAP_0805 New Footprint=1808
Change Component Footprint: Designator=C14 Old Footprint=CAP_0805 New Footprint=1808
Change Component Comment : Designator=C6 Old Comment=C0805 New Comment=GR442QR73D102KW01L
Change Component Comment : Designator=C14 Old Comment=C0805 New Comment=GR442QR73D102KW01L
Change component parameters: Designator = "C6" ("C6"); Footprint = "CAP_0805"; UniqueID = "\BQLGVWWO" ("\BQLGVWWO")
Change component parameters (AddParameter): Name = "Add into BOM"; Value = "yes"; VariantName = "[No Variations]"
Change component parameters (AddParameter): Name = "Convert to PCB"; Value = "yes"; VariantName = "[No Variations]"
Change component parameters (AddParameter): Name = "Datasheet"; Value = "https://atta.szlcsc.com/upload/public/pdf/source/20180307/C76916_15204090833591407706.pdf"; VariantName = "[No Variations]"
Change component parameters (AddParameter): Name = "Device"; Value = "GR442QR73D102KW01L"; VariantName = "[No Variations]"
Change component parameters (AddParameter): Name = "JLCPCB Part Class"; Value = "Extended Part"; VariantName = "[No Variations]"
Change component parameters (AddParameter): Name = "LCSC Part Name"; Value = "1nF ¡À10% 2kV"; VariantName = "[No Variations]"
Change component parameters (AddParameter): Name = "Manufacturer"; Value = "muRata(´åÌï)"; VariantName = "[No Variations]"
Change component parameters (AddParameter): Name = "Manufacturer Part"; Value = "GR442QR73D102KW01L"; VariantName = "[No Variations]"
Change component parameters (AddParameter): Name = "Name"; Value = "1nF"; VariantName = "[No Variations]"
Change component parameters (AddParameter): Name = "Supplier"; Value = "LCSC"; VariantName = "[No Variations]"
Change component parameters (AddParameter): Name = "Supplier Footprint"; Value = "1808"; VariantName = "[No Variations]"
Change component parameters (AddParameter): Name = "Supplier Part"; Value = "C76916"; VariantName = "[No Variations]"
Change component parameters (AddParameter): Name = "Symbol"; Value = "GR442QR73D102KW01L"; VariantName = "[No Variations]"
Change component parameters (AddParameter): Name = "Temperature Coefficient"; Value = "X7R"; VariantName = "[No Variations]"
Change component parameters (AddParameter): Name = "Tolerance"; Value = "¡À10%"; VariantName = "[No Variations]"
Change component parameters (AddParameter): Name = "Value"; Value = "1nF"; VariantName = "[No Variations]"
Change component parameters (AddParameter): Name = "Voltage Rated"; Value = "2kV"; VariantName = "[No Variations]"
Change component parameters: Designator = "C14" ("C14"); Footprint = "CAP_0805"; UniqueID = "\PYBSGQFF" ("\PYBSGQFF")
Change component parameters (AddParameter): Name = "Add into BOM"; Value = "yes"; VariantName = "[No Variations]"
Change component parameters (AddParameter): Name = "Convert to PCB"; Value = "yes"; VariantName = "[No Variations]"
Change component parameters (AddParameter): Name = "Datasheet"; Value = "https://atta.szlcsc.com/upload/public/pdf/source/20180307/C76916_15204090833591407706.pdf"; VariantName = "[No Variations]"
Change component parameters (AddParameter): Name = "Device"; Value = "GR442QR73D102KW01L"; VariantName = "[No Variations]"
Change component parameters (AddParameter): Name = "JLCPCB Part Class"; Value = "Extended Part"; VariantName = "[No Variations]"
Change component parameters (AddParameter): Name = "LCSC Part Name"; Value = "1nF ¡À10% 2kV"; VariantName = "[No Variations]"
Change component parameters (AddParameter): Name = "Manufacturer"; Value = "muRata(´åÌï)"; VariantName = "[No Variations]"
Change component parameters (AddParameter): Name = "Manufacturer Part"; Value = "GR442QR73D102KW01L"; VariantName = "[No Variations]"
Change component parameters (AddParameter): Name = "Name"; Value = "1nF"; VariantName = "[No Variations]"
Change component parameters (AddParameter): Name = "Supplier"; Value = "LCSC"; VariantName = "[No Variations]"
Change component parameters (AddParameter): Name = "Supplier Footprint"; Value = "1808"; VariantName = "[No Variations]"
Change component parameters (AddParameter): Name = "Supplier Part"; Value = "C76916"; VariantName = "[No Variations]"
Change component parameters (AddParameter): Name = "Symbol"; Value = "GR442QR73D102KW01L"; VariantName = "[No Variations]"
Change component parameters (AddParameter): Name = "Temperature Coefficient"; Value = "X7R"; VariantName = "[No Variations]"
Change component parameters (AddParameter): Name = "Tolerance"; Value = "¡À10%"; VariantName = "[No Variations]"
Change component parameters (AddParameter): Name = "Value"; Value = "1nF"; VariantName = "[No Variations]"
Change component parameters (AddParameter): Name = "Voltage Rated"; Value = "2kV"; VariantName = "[No Variations]"
Added Pin To Net: NetName=NetC6_2 Pin=C6-1
Added Pin To Net: NetName=NetC14_2 Pin=C14-1
Change Net Name : Old Net Name=NetC6_2 New Net Name=NetC6_1
Change Net Name : Old Net Name=NetC14_2 New Net Name=NetC14_1
Added Pin To Net: NetName=NetC6_2 Pin=C6-2
Added Pin To Net: NetName=NetC6_2 Pin=X1-1
Added Net: Name=NetC6_2
Added Pin To Net: NetName=NetC14_2 Pin=C14-2
Added Pin To Net: NetName=NetC14_2 Pin=X2-1
Added Net: Name=NetC14_2
